# JRE version: OpenJDK Runtime Environment (8.0_152-b01) (build 1.8.0_152-release-915-b01)
# Java VM: OpenJDK 64-Bit Server VM (25.152-b01 mixed mode windows-amd64 compressed oops)
Heap:
 PSYoungGen      total 259072K, used 62594K [0x00000000e0000000, 0x00000000f1d80000, 0x0000000100000000)
  eden space 243712K, 19% used [0x00000000e0000000,0x00000000e2e27670,0x00000000eee00000)
  from space 15360K, 99% used [0x00000000f0480000,0x00000000f1379550,0x00000000f1380000)
  to   space 23040K, 0% used [0x00000000eee00000,0x00000000eee00000,0x00000000f0480000)
 ParOldGen       total 146944K, used 32145K [0x00000000a0000000, 0x00000000a8f80000, 0x00000000e0000000)
  object space 146944K, 21% used [0x00000000a0000000,0x00000000a1f64560,0x00000000a8f80000)
 Metaspace       used 54706K, capacity 56552K, committed 56792K, reserved 1097728K
  class space    used 7369K, capacity 7837K, committed 7936K, reserved 1048576K
GC Heap History (10 events):
Event: 4.180 GC heap before
{Heap before GC invocations=6 (full 1):
 PSYoungGen      total 114688K, used 114320K [0x00000000e0000000, 0x00000000e9200000, 0x0000000100000000)
  eden space 107008K, 100% used [0x00000000e0000000,0x00000000e6880000,0x00000000e6880000)
  from space 7680K, 95% used [0x00000000e8a80000,0x00000000e91a4210,0x00000000e9200000)
  to   space 10752K, 0% used [0x00000000e7d00000,0x00000000e7d00000,0x00000000e8780000)
 ParOldGen       total 95744K, used 6457K [0x00000000a0000000, 0x00000000a5d80000, 0x00000000e0000000)
  object space 95744K, 6% used [0x00000000a0000000,0x00000000a064e4a0,0x00000000a5d80000)
 Metaspace       used 31206K, capacity 31830K, committed 32128K, reserved 1077248K
  class space    used 4263K, capacity 4460K, committed 4480K, reserved 1048576K
Event: 4.187 GC heap after
Heap after GC invocations=6 (full 1):
 PSYoungGen      total 138752K, used 9979K [0x00000000e0000000, 0x00000000ebf00000, 0x0000000100000000)
  eden space 128000K, 0% used [0x00000000e0000000,0x00000000e0000000,0x00000000e7d00000)
  from space 10752K, 92% used [0x00000000e7d00000,0x00000000e86bed38,0x00000000e8780000)
  to   space 12800K, 0% used [0x00000000eb280000,0x00000000eb280000,0x00000000ebf00000)
 ParOldGen       total 95744K, used 6529K [0x00000000a0000000, 0x00000000a5d80000, 0x00000000e0000000)
  object space 95744K, 6% used [0x00000000a0000000,0x00000000a06604b0,0x00000000a5d80000)
 Metaspace       used 31206K, capacity 31830K, committed 32128K, reserved 1077248K
  class space    used 4263K, capacity 4460K, committed 4480K, reserved 1048576K
}
Event: 4.418 GC heap before
{Heap before GC invocations=7 (full 1):
 PSYoungGen      total 138752K, used 26819K [0x00000000e0000000, 0x00000000ebf00000, 0x0000000100000000)
  eden space 128000K, 13% used [0x00000000e0000000,0x00000000e1072240,0x00000000e7d00000)
  from space 10752K, 92% used [0x00000000e7d00000,0x00000000e86bed38,0x00000000e8780000)
  to   space 12800K, 0% used [0x00000000eb280000,0x00000000eb280000,0x00000000ebf00000)
 ParOldGen       total 95744K, used 6529K [0x00000000a0000000, 0x00000000a5d80000, 0x00000000e0000000)
  object space 95744K, 6% used [0x00000000a0000000,0x00000000a06604b0,0x00000000a5d80000)
 Metaspace       used 34413K, capacity 35206K, committed 35416K, reserved 1079296K
  class space    used 4685K, capacity 4957K, committed 4992K, reserved 1048576K
Event: 4.425 GC heap after
Heap after GC invocations=7 (full 1):
 PSYoungGen      total 183296K, used 8838K [0x00000000e0000000, 0x00000000ee200000, 0x0000000100000000)
  eden space 170496K, 0% used [0x00000000e0000000,0x00000000e0000000,0x00000000ea680000)
  from space 12800K, 69% used [0x00000000eb280000,0x00000000ebb21bd8,0x00000000ebf00000)
  to   space 12288K, 0% used [0x00000000ea680000,0x00000000ea680000,0x00000000eb280000)
 ParOldGen       total 95744K, used 6537K [0x00000000a0000000, 0x00000000a5d80000, 0x00000000e0000000)
  object space 95744K, 6% used [0x00000000a0000000,0x00000000a06624b0,0x00000000a5d80000)
 Metaspace       used 34413K, capacity 35206K, committed 35416K, reserved 1079296K
  class space    used 4685K, capacity 4957K, committed 4992K, reserved 1048576K
}
Event: 4.425 GC heap before
{Heap before GC invocations=8 (full 2):
 PSYoungGen      total 183296K, used 8838K [0x00000000e0000000, 0x00000000ee200000, 0x0000000100000000)
  eden space 170496K, 0% used [0x00000000e0000000,0x00000000e0000000,0x00000000ea680000)
  from space 12800K, 69% used [0x00000000eb280000,0x00000000ebb21bd8,0x00000000ebf00000)
  to   space 12288K, 0% used [0x00000000ea680000,0x00000000ea680000,0x00000000eb280000)
 ParOldGen       total 95744K, used 6537K [0x00000000a0000000, 0x00000000a5d80000, 0x00000000e0000000)
  object space 95744K, 6% used [0x00000000a0000000,0x00000000a06624b0,0x00000000a5d80000)
 Metaspace       used 34413K, capacity 35206K, committed 35416K, reserved 1079296K
  class space    used 4685K, capacity 4957K, committed 4992K, reserved 1048576K
Event: 4.476 GC heap after
Heap after GC invocations=8 (full 2):
 PSYoungGen      total 183296K, used 0K [0x00000000e0000000, 0x00000000ee200000, 0x0000000100000000)
  eden space 170496K, 0% used [0x00000000e0000000,0x00000000e0000000,0x00000000ea680000)
  from space 12800K, 0% used [0x00000000eb280000,0x00000000eb280000,0x00000000ebf00000)
  to   space 12288K, 0% used [0x00000000ea680000,0x00000000ea680000,0x00000000eb280000)
 ParOldGen       total 146944K, used 14863K [0x00000000a0000000, 0x00000000a8f80000, 0x00000000e0000000)
  object space 146944K, 10% used [0x00000000a0000000,0x00000000a0e83e80,0x00000000a8f80000)
 Metaspace       used 34413K, capacity 35206K, committed 35416K, reserved 1079296K
  class space    used 4685K, capacity 4957K, committed 4992K, reserved 1048576K
}
Event: 5.867 GC heap before
{Heap before GC invocations=9 (full 2):
 PSYoungGen      total 183296K, used 170496K [0x00000000e0000000, 0x00000000ee200000, 0x0000000100000000)
  eden space 170496K, 100% used [0x00000000e0000000,0x00000000ea680000,0x00000000ea680000)
  from space 12800K, 0% used [0x00000000eb280000,0x00000000eb280000,0x00000000ebf00000)
  to   space 12288K, 0% used [0x00000000ea680000,0x00000000ea680000,0x00000000eb280000)
 ParOldGen       total 146944K, used 14863K [0x00000000a0000000, 0x00000000a8f80000, 0x00000000e0000000)
  object space 146944K, 10% used [0x00000000a0000000,0x00000000a0e83e80,0x00000000a8f80000)
 Metaspace       used 46132K, capacity 47132K, committed 47448K, reserved 1089536K
  class space    used 6175K, capacity 6511K, committed 6528K, reserved 1048576K
Event: 5.879 GC heap after
Heap after GC invocations=9 (full 2):
 PSYoungGen      total 182784K, used 12268K [0x00000000e0000000, 0x00000000f1380000, 0x0000000100000000)
  eden space 170496K, 0% used [0x00000000e0000000,0x00000000e0000000,0x00000000ea680000)
  from space 12288K, 99% used [0x00000000ea680000,0x00000000eb27b308,0x00000000eb280000)
  to   space 15360K, 0% used [0x00000000f0480000,0x00000000f0480000,0x00000000f1380000)
 ParOldGen       total 146944K, used 18559K [0x00000000a0000000, 0x00000000a8f80000, 0x00000000e0000000)
  object space 146944K, 12% used [0x00000000a0000000,0x00000000a121ffb8,0x00000000a8f80000)
 Metaspace       used 46132K, capacity 47132K, committed 47448K, reserved 1089536K
  class space    used 6175K, capacity 6511K, committed 6528K, reserved 1048576K
}
Event: 7.599 GC heap before
{Heap before GC invocations=10 (full 2):
 PSYoungGen      total 182784K, used 182764K [0x00000000e0000000, 0x00000000f1380000, 0x0000000100000000)
  eden space 170496K, 100% used [0x00000000e0000000,0x00000000ea680000,0x00000000ea680000)
  from space 12288K, 99% used [0x00000000ea680000,0x00000000eb27b308,0x00000000eb280000)
  to   space 15360K, 0% used [0x00000000f0480000,0x00000000f0480000,0x00000000f1380000)
 ParOldGen       total 146944K, used 18559K [0x00000000a0000000, 0x00000000a8f80000, 0x00000000e0000000)
  object space 146944K, 12% used [0x00000000a0000000,0x00000000a121ffb8,0x00000000a8f80000)
 Metaspace       used 54324K, capacity 56070K, committed 56152K, reserved 1097728K
  class space    used 7324K, capacity 7752K, committed 7808K, reserved 1048576K
Event: 7.614 GC heap after
Heap after GC invocations=10 (full 2):
 PSYoungGen      total 259072K, used 15333K [0x00000000e0000000, 0x00000000f1d80000, 0x0000000100000000)
  eden space 243712K, 0% used [0x00000000e0000000,0x00000000e0000000,0x00000000eee00000)
  from space 15360K, 99% used [0x00000000f0480000,0x00000000f1379550,0x00000000f1380000)
  to   space 23040K, 0% used [0x00000000eee00000,0x00000000eee00000,0x00000000f0480000)
 ParOldGen       total 146944K, used 32145K [0x00000000a0000000, 0x00000000a8f80000, 0x00000000e0000000)
  object space 146944K, 21% used [0x00000000a0000000,0x00000000a1f64560,0x00000000a8f80000)
 Metaspace       used 54324K, capacity 56070K, committed 56152K, reserved 1097728K
  class space    used 7324K, capacity 7752K, committed 7808K, reserved 1048576K
}

